[debug] [2023-04-12T11:36:59.576Z] ----------------------------------------------------------------------
[debug] [2023-04-12T11:36:59.580Z] Command:       C:\Program Files\nodejs\node.exe C:\Users\Umar Laptop\AppData\Roaming\npm\node_modules\firebase-tools\lib\bin\firebase.js init
[debug] [2023-04-12T11:36:59.581Z] CLI Version:   11.26.0
[debug] [2023-04-12T11:36:59.582Z] Platform:      win32
[debug] [2023-04-12T11:36:59.582Z] Node Version:  v18.12.1
[debug] [2023-04-12T11:36:59.583Z] Time:          Wed Apr 12 2023 16:36:59 GMT+0500 (Pakistan Standard Time)
[debug] [2023-04-12T11:36:59.584Z] ----------------------------------------------------------------------
[debug] 
[debug] [2023-04-12T11:36:59.736Z] > command requires scopes: ["email","openid","https://www.googleapis.com/auth/cloudplatformprojects.readonly","https://www.googleapis.com/auth/firebase","https://www.googleapis.com/auth/cloud-platform"]
[debug] [2023-04-12T11:36:59.737Z] > authorizing via signed-in user (umershafiq513@gmail.com)
[info] 
     ######## #### ########  ######## ########     ###     ######  ########
     ##        ##  ##     ## ##       ##     ##  ##   ##  ##       ##
     ######    ##  ########  ######   ########  #########  ######  ######
     ##        ##  ##    ##  ##       ##     ## ##     ##       ## ##
     ##       #### ##     ## ######## ########  ##     ##  ######  ########

You're about to initialize a Firebase project in this directory:

  C:\Users\Umar Laptop\Downloads\portfolio

Before we get started, keep in mind:

  * You are initializing within an existing Firebase project directory

[info] 
=== Project Setup
[info] 
[info] First, let's associate this project directory with a Firebase project.
[info] You can create multiple project aliases by running firebase use --add, 
[info] but for now we'll just set up a default project.
[info] 
[debug] [2023-04-12T11:37:40.211Z] Using project from CLI flag: portfolio2913
[debug] [2023-04-12T11:37:40.217Z] >>> [apiv2][query] GET https://firebase.googleapis.com/v1beta1/projects/portfolio2913 [none]
[debug] [2023-04-12T11:37:40.933Z] <<< [apiv2][status] GET https://firebase.googleapis.com/v1beta1/projects/portfolio2913 403
[debug] [2023-04-12T11:37:40.934Z] <<< [apiv2][body] GET https://firebase.googleapis.com/v1beta1/projects/portfolio2913 {"error":{"code":403,"message":"The caller does not have permission","status":"PERMISSION_DENIED"}}
[debug] [2023-04-12T11:37:40.935Z] HTTP Error: 403, The caller does not have permission
[debug] [2023-04-12T11:37:41.338Z] FirebaseError: HTTP Error: 403, The caller does not have permission
    at responseToError (C:\Users\Umar Laptop\AppData\Roaming\npm\node_modules\firebase-tools\lib\responseToError.js:49:12)
    at RetryOperation._fn (C:\Users\Umar Laptop\AppData\Roaming\npm\node_modules\firebase-tools\lib\apiv2.js:288:77)
    at process.processTicksAndRejections (node:internal/process/task_queues:95:5)
[error] 
[error] Error: Failed to get Firebase project portfolio2913. Please make sure the project exists and your account has permission to access it.
